2026-04-30 01:39 - INFO - testing
2026-04-30 01:41 - INFO - testing
2026-04-30 01:41 - INFO - testing
2026-04-30 02:44 - INFO - testing
2026-04-30 02:44 - INFO - 200 - {'Server': 'nginx/1.24.0 (Ubuntu)', 'Date': 'Thu, 30 Apr 2026 00:44:45 GMT', 'Content-Type': 'application/json', 'Content-Length': '2018', 'Connection': 'keep-alive', 'Access-Control-Allow-Origin': '*, *', 'Access-Control-Allow-Methods': 'GET, POST, OPTIONS', 'Access-Control-Allow-Headers': 'Authorization, Content-Type'}
2026-05-01 01:11 - INFO - testing
2026-05-01 01:11 - INFO - Attempting to open local token.
2026-05-01 01:11 - INFO - Local token expired.
2026-05-01 01:11 - INFO - Requesting new token.
2026-05-01 01:11 - INFO - Token got
2026-05-01 01:11 - INFO - 200 - {'Server': 'nginx/1.24.0 (Ubuntu)', 'Date': 'Thu, 30 Apr 2026 23:11:53 GMT', 'Content-Type': 'application/json', 'Content-Length': '2018', 'Connection': 'keep-alive', 'Access-Control-Allow-Origin': '*, *', 'Access-Control-Allow-Methods': 'GET, POST, OPTIONS', 'Access-Control-Allow-Headers': 'Authorization, Content-Type'}
2026-05-01 01:19 - INFO - testing
2026-05-01 01:19 - INFO - Attempting to open local token.
2026-05-01 01:19 - INFO - Token got
2026-05-01 01:19 - INFO - 200 - {'Server': 'nginx/1.24.0 (Ubuntu)', 'Date': 'Thu, 30 Apr 2026 23:19:26 GMT', 'Content-Type': 'application/json', 'Content-Length': '286964', 'Connection': 'keep-alive', 'Access-Control-Allow-Origin': '*, *', 'Access-Control-Allow-Methods': 'GET, POST, OPTIONS', 'Access-Control-Allow-Headers': 'Authorization, Content-Type'}
2026-05-01 01:19 - INFO - 200 - {'Server': 'nginx/1.24.0 (Ubuntu)', 'Date': 'Thu, 30 Apr 2026 23:19:27 GMT', 'Content-Type': 'application/json', 'Content-Length': '181403', 'Connection': 'keep-alive', 'Access-Control-Allow-Origin': '*, *', 'Access-Control-Allow-Methods': 'GET, POST, OPTIONS', 'Access-Control-Allow-Headers': 'Authorization, Content-Type'}
2026-05-01 01:19 - INFO - testing
2026-05-01 01:19 - INFO - Attempting to open local token.
2026-05-01 01:19 - INFO - Token got
2026-05-01 01:19 - INFO - 200 - {'Server': 'nginx/1.24.0 (Ubuntu)', 'Date': 'Thu, 30 Apr 2026 23:19:51 GMT', 'Content-Type': 'application/json', 'Content-Length': '286964', 'Connection': 'keep-alive', 'Access-Control-Allow-Origin': '*, *', 'Access-Control-Allow-Methods': 'GET, POST, OPTIONS', 'Access-Control-Allow-Headers': 'Authorization, Content-Type'}
2026-05-01 01:19 - INFO - 200 - {'Server': 'nginx/1.24.0 (Ubuntu)', 'Date': 'Thu, 30 Apr 2026 23:19:53 GMT', 'Content-Type': 'application/json', 'Content-Length': '181403', 'Connection': 'keep-alive', 'Access-Control-Allow-Origin': '*, *', 'Access-Control-Allow-Methods': 'GET, POST, OPTIONS', 'Access-Control-Allow-Headers': 'Authorization, Content-Type'}
2026-05-01 01:23 - INFO - testing
2026-05-01 01:23 - INFO - Attempting to open local token.
2026-05-01 01:23 - INFO - Token got
2026-05-01 01:23 - INFO - 200 - {'Server': 'nginx/1.24.0 (Ubuntu)', 'Date': 'Thu, 30 Apr 2026 23:23:02 GMT', 'Content-Type': 'application/json', 'Content-Length': '286964', 'Connection': 'keep-alive', 'Access-Control-Allow-Origin': '*, *', 'Access-Control-Allow-Methods': 'GET, POST, OPTIONS', 'Access-Control-Allow-Headers': 'Authorization, Content-Type'}
2026-05-01 01:23 - INFO - 200 - {'Server': 'nginx/1.24.0 (Ubuntu)', 'Date': 'Thu, 30 Apr 2026 23:23:04 GMT', 'Content-Type': 'application/json', 'Content-Length': '181403', 'Connection': 'keep-alive', 'Access-Control-Allow-Origin': '*, *', 'Access-Control-Allow-Methods': 'GET, POST, OPTIONS', 'Access-Control-Allow-Headers': 'Authorization, Content-Type'}
2026-05-01 01:23 - ERROR - You can only execute one statement at a time.
2026-05-01 01:29 - INFO - testing
2026-05-01 01:29 - INFO - Attempting to open local token.
2026-05-01 01:29 - INFO - Token got
2026-05-01 01:29 - INFO - 200 - {'Server': 'nginx/1.24.0 (Ubuntu)', 'Date': 'Thu, 30 Apr 2026 23:29:06 GMT', 'Content-Type': 'application/json', 'Content-Length': '286964', 'Connection': 'keep-alive', 'Access-Control-Allow-Origin': '*, *', 'Access-Control-Allow-Methods': 'GET, POST, OPTIONS', 'Access-Control-Allow-Headers': 'Authorization, Content-Type'}
2026-05-01 01:29 - INFO - 418 - {'Server': 'nginx/1.24.0 (Ubuntu)', 'Date': 'Thu, 30 Apr 2026 23:29:08 GMT', 'Content-Type': 'text/plain; charset=utf-8', 'Content-Length': '292', 'Connection': 'keep-alive', 'Access-Control-Allow-Origin': '*'}
2026-05-01 01:40 - INFO - testing
2026-05-01 01:40 - INFO - Attempting to open local token.
2026-05-01 01:40 - INFO - Token got
2026-05-01 01:40 - INFO - 200 - {'Server': 'nginx/1.24.0 (Ubuntu)', 'Date': 'Thu, 30 Apr 2026 23:40:12 GMT', 'Content-Type': 'application/json', 'Content-Length': '286964', 'Connection': 'keep-alive', 'Access-Control-Allow-Origin': '*, *', 'Access-Control-Allow-Methods': 'GET, POST, OPTIONS', 'Access-Control-Allow-Headers': 'Authorization, Content-Type'}
2026-05-01 01:40 - INFO - 200 - {'Server': 'nginx/1.24.0 (Ubuntu)', 'Date': 'Thu, 30 Apr 2026 23:40:18 GMT', 'Content-Type': 'application/json', 'Content-Length': '181403', 'Connection': 'keep-alive', 'Access-Control-Allow-Origin': '*, *', 'Access-Control-Allow-Methods': 'GET, POST, OPTIONS', 'Access-Control-Allow-Headers': 'Authorization, Content-Type'}
2026-05-01 01:40 - ERROR - near ")": syntax error
2026-05-01 01:47 - INFO - testing
2026-05-01 01:47 - INFO - Attempting to open local token.
2026-05-01 01:47 - INFO - Token got
2026-05-01 01:47 - INFO - 200 - {'Server': 'nginx/1.24.0 (Ubuntu)', 'Date': 'Thu, 30 Apr 2026 23:47:02 GMT', 'Content-Type': 'application/json', 'Content-Length': '286964', 'Connection': 'keep-alive', 'Access-Control-Allow-Origin': '*, *', 'Access-Control-Allow-Methods': 'GET, POST, OPTIONS', 'Access-Control-Allow-Headers': 'Authorization, Content-Type'}
2026-05-01 01:47 - INFO - 418 - {'Server': 'nginx/1.24.0 (Ubuntu)', 'Date': 'Thu, 30 Apr 2026 23:47:08 GMT', 'Content-Type': 'text/plain; charset=utf-8', 'Content-Length': '236', 'Connection': 'keep-alive', 'Access-Control-Allow-Origin': '*'}
2026-05-01 01:48 - INFO - testing
2026-05-01 01:48 - INFO - Attempting to open local token.
2026-05-01 01:48 - INFO - Token got
2026-05-01 01:48 - INFO - 200 - {'Server': 'nginx/1.24.0 (Ubuntu)', 'Date': 'Thu, 30 Apr 2026 23:48:34 GMT', 'Content-Type': 'application/json', 'Content-Length': '286964', 'Connection': 'keep-alive', 'Access-Control-Allow-Origin': '*, *', 'Access-Control-Allow-Methods': 'GET, POST, OPTIONS', 'Access-Control-Allow-Headers': 'Authorization, Content-Type'}
2026-05-01 01:48 - INFO - 200 - {'Server': 'nginx/1.24.0 (Ubuntu)', 'Date': 'Thu, 30 Apr 2026 23:48:39 GMT', 'Content-Type': 'application/json', 'Content-Length': '181403', 'Connection': 'keep-alive', 'Access-Control-Allow-Origin': '*, *', 'Access-Control-Allow-Methods': 'GET, POST, OPTIONS', 'Access-Control-Allow-Headers': 'Authorization, Content-Type'}
2026-05-01 01:48 - ERROR - near ")": syntax error
2026-05-01 01:55 - INFO - testing
2026-05-01 01:55 - INFO - Attempting to open local token.
2026-05-01 01:55 - INFO - Token got
2026-05-01 01:55 - INFO - 200 - {'Server': 'nginx/1.24.0 (Ubuntu)', 'Date': 'Thu, 30 Apr 2026 23:55:08 GMT', 'Content-Type': 'application/json', 'Content-Length': '286964', 'Connection': 'keep-alive', 'Access-Control-Allow-Origin': '*, *', 'Access-Control-Allow-Methods': 'GET, POST, OPTIONS', 'Access-Control-Allow-Headers': 'Authorization, Content-Type'}
2026-05-01 01:55 - INFO - 200 - {'Server': 'nginx/1.24.0 (Ubuntu)', 'Date': 'Thu, 30 Apr 2026 23:55:13 GMT', 'Content-Type': 'application/json', 'Content-Length': '181403', 'Connection': 'keep-alive', 'Access-Control-Allow-Origin': '*, *', 'Access-Control-Allow-Methods': 'GET, POST, OPTIONS', 'Access-Control-Allow-Headers': 'Authorization, Content-Type'}
2026-05-01 01:55 - ERROR - near ")": syntax error
2026-05-01 01:57 - INFO - testing
2026-05-01 01:57 - INFO - Attempting to open local token.
2026-05-01 01:57 - INFO - Token got
2026-05-01 01:57 - INFO - 200 - {'Server': 'nginx/1.24.0 (Ubuntu)', 'Date': 'Thu, 30 Apr 2026 23:57:14 GMT', 'Content-Type': 'application/json', 'Content-Length': '286964', 'Connection': 'keep-alive', 'Access-Control-Allow-Origin': '*, *', 'Access-Control-Allow-Methods': 'GET, POST, OPTIONS', 'Access-Control-Allow-Headers': 'Authorization, Content-Type'}
2026-05-01 01:57 - INFO - 200 - {'Server': 'nginx/1.24.0 (Ubuntu)', 'Date': 'Thu, 30 Apr 2026 23:57:20 GMT', 'Content-Type': 'application/json', 'Content-Length': '187190', 'Connection': 'keep-alive', 'Access-Control-Allow-Origin': '*, *', 'Access-Control-Allow-Methods': 'GET, POST, OPTIONS', 'Access-Control-Allow-Headers': 'Authorization, Content-Type'}
2026-05-01 02:06 - INFO - testing
2026-05-01 02:06 - INFO - Attempting to open local token.
2026-05-01 02:06 - INFO - Token got
2026-05-01 02:06 - INFO - 200 - {'Server': 'nginx/1.24.0 (Ubuntu)', 'Date': 'Fri, 01 May 2026 00:06:34 GMT', 'Content-Type': 'application/json', 'Content-Length': '286964', 'Connection': 'keep-alive', 'Access-Control-Allow-Origin': '*, *', 'Access-Control-Allow-Methods': 'GET, POST, OPTIONS', 'Access-Control-Allow-Headers': 'Authorization, Content-Type'}
2026-05-01 02:06 - INFO - 200 - {'Server': 'nginx/1.24.0 (Ubuntu)', 'Date': 'Fri, 01 May 2026 00:06:40 GMT', 'Content-Type': 'application/json', 'Content-Length': '187190', 'Connection': 'keep-alive', 'Access-Control-Allow-Origin': '*, *', 'Access-Control-Allow-Methods': 'GET, POST, OPTIONS', 'Access-Control-Allow-Headers': 'Authorization, Content-Type'}
2026-05-01 02:06 - ERROR - 'incident_id'
2026-05-01 02:08 - INFO - testing
2026-05-01 02:08 - INFO - Attempting to open local token.
2026-05-01 02:08 - INFO - Token got
2026-05-01 02:08 - INFO - 200 - {'Server': 'nginx/1.24.0 (Ubuntu)', 'Date': 'Fri, 01 May 2026 00:08:15 GMT', 'Content-Type': 'application/json', 'Content-Length': '286964', 'Connection': 'keep-alive', 'Access-Control-Allow-Origin': '*, *', 'Access-Control-Allow-Methods': 'GET, POST, OPTIONS', 'Access-Control-Allow-Headers': 'Authorization, Content-Type'}
2026-05-01 02:08 - INFO - 200 - {'Server': 'nginx/1.24.0 (Ubuntu)', 'Date': 'Fri, 01 May 2026 00:08:20 GMT', 'Content-Type': 'application/json', 'Content-Length': '187190', 'Connection': 'keep-alive', 'Access-Control-Allow-Origin': '*, *', 'Access-Control-Allow-Methods': 'GET, POST, OPTIONS', 'Access-Control-Allow-Headers': 'Authorization, Content-Type'}
2026-05-01 02:08 - ERROR - UNIQUE constraint failed: alerts.alertId
2026-05-01 02:10 - INFO - testing
2026-05-01 02:10 - INFO - Attempting to open local token.
2026-05-01 02:10 - INFO - Token got
2026-05-01 02:10 - INFO - 200 - {'Server': 'nginx/1.24.0 (Ubuntu)', 'Date': 'Fri, 01 May 2026 00:10:30 GMT', 'Content-Type': 'application/json', 'Content-Length': '286964', 'Connection': 'keep-alive', 'Access-Control-Allow-Origin': '*, *', 'Access-Control-Allow-Methods': 'GET, POST, OPTIONS', 'Access-Control-Allow-Headers': 'Authorization, Content-Type'}
2026-05-01 02:10 - INFO - 200 - {'Server': 'nginx/1.24.0 (Ubuntu)', 'Date': 'Fri, 01 May 2026 00:10:33 GMT', 'Content-Type': 'application/json', 'Content-Length': '187190', 'Connection': 'keep-alive', 'Access-Control-Allow-Origin': '*, *', 'Access-Control-Allow-Methods': 'GET, POST, OPTIONS', 'Access-Control-Allow-Headers': 'Authorization, Content-Type'}
2026-05-01 02:39 - INFO - testing
2026-05-01 02:39 - INFO - Attempting to open local token.
2026-05-01 02:39 - INFO - Token got
2026-05-01 02:39 - INFO - 200 - {'Server': 'nginx/1.24.0 (Ubuntu)', 'Date': 'Fri, 01 May 2026 00:39:09 GMT', 'Content-Type': 'application/json', 'Content-Length': '286964', 'Connection': 'keep-alive', 'Access-Control-Allow-Origin': '*, *', 'Access-Control-Allow-Methods': 'GET, POST, OPTIONS', 'Access-Control-Allow-Headers': 'Authorization, Content-Type'}
2026-05-01 02:39 - INFO - 200 - {'Server': 'nginx/1.24.0 (Ubuntu)', 'Date': 'Fri, 01 May 2026 00:39:11 GMT', 'Content-Type': 'application/json', 'Content-Length': '197764', 'Connection': 'keep-alive', 'Access-Control-Allow-Origin': '*, *', 'Access-Control-Allow-Methods': 'GET, POST, OPTIONS', 'Access-Control-Allow-Headers': 'Authorization, Content-Type'}
2026-05-01 02:39 - ERROR - unhashable type: 'list'
2026-05-01 02:44 - INFO - testing
2026-05-01 02:44 - INFO - Attempting to open local token.
2026-05-01 02:44 - INFO - Token got
2026-05-01 02:44 - INFO - 200 - {'Server': 'nginx/1.24.0 (Ubuntu)', 'Date': 'Fri, 01 May 2026 00:44:21 GMT', 'Content-Type': 'application/json', 'Content-Length': '286964', 'Connection': 'keep-alive', 'Access-Control-Allow-Origin': '*, *', 'Access-Control-Allow-Methods': 'GET, POST, OPTIONS', 'Access-Control-Allow-Headers': 'Authorization, Content-Type'}
2026-05-01 02:44 - INFO - 200 - {'Server': 'nginx/1.24.0 (Ubuntu)', 'Date': 'Fri, 01 May 2026 00:44:23 GMT', 'Content-Type': 'application/json', 'Content-Length': '197764', 'Connection': 'keep-alive', 'Access-Control-Allow-Origin': '*, *', 'Access-Control-Allow-Methods': 'GET, POST, OPTIONS', 'Access-Control-Allow-Headers': 'Authorization, Content-Type'}
2026-05-01 02:44 - ERROR - UNIQUE constraint failed: incidents.incidentID
2026-05-01 02:44 - INFO - testing
2026-05-01 02:44 - INFO - Attempting to open local token.
2026-05-01 02:44 - INFO - Token got
2026-05-01 02:44 - INFO - 200 - {'Server': 'nginx/1.24.0 (Ubuntu)', 'Date': 'Fri, 01 May 2026 00:44:39 GMT', 'Content-Type': 'application/json', 'Content-Length': '286964', 'Connection': 'keep-alive', 'Access-Control-Allow-Origin': '*, *', 'Access-Control-Allow-Methods': 'GET, POST, OPTIONS', 'Access-Control-Allow-Headers': 'Authorization, Content-Type'}
2026-05-01 02:44 - INFO - 200 - {'Server': 'nginx/1.24.0 (Ubuntu)', 'Date': 'Fri, 01 May 2026 00:44:41 GMT', 'Content-Type': 'application/json', 'Content-Length': '197764', 'Connection': 'keep-alive', 'Access-Control-Allow-Origin': '*, *', 'Access-Control-Allow-Methods': 'GET, POST, OPTIONS', 'Access-Control-Allow-Headers': 'Authorization, Content-Type'}
2026-05-01 02:52 - INFO - testing
2026-05-01 02:52 - INFO - Attempting to open local token.
2026-05-01 02:52 - INFO - Token got
2026-05-01 02:52 - INFO - 200 - {'Server': 'nginx/1.24.0 (Ubuntu)', 'Date': 'Fri, 01 May 2026 00:52:05 GMT', 'Content-Type': 'application/json', 'Content-Length': '286964', 'Connection': 'keep-alive', 'Access-Control-Allow-Origin': '*, *', 'Access-Control-Allow-Methods': 'GET, POST, OPTIONS', 'Access-Control-Allow-Headers': 'Authorization, Content-Type'}
2026-05-01 02:52 - INFO - 200 - {'Server': 'nginx/1.24.0 (Ubuntu)', 'Date': 'Fri, 01 May 2026 00:52:08 GMT', 'Content-Type': 'application/json', 'Content-Length': '200614', 'Connection': 'keep-alive', 'Access-Control-Allow-Origin': '*, *', 'Access-Control-Allow-Methods': 'GET, POST, OPTIONS', 'Access-Control-Allow-Headers': 'Authorization, Content-Type'}
2026-05-01 02:52 - ERROR - UNIQUE constraint failed: iocs.incidentId, iocs.type, iocs.value
2026-05-01 02:55 - INFO - testing
2026-05-01 02:55 - INFO - Attempting to open local token.
2026-05-01 02:55 - INFO - Token got
2026-05-01 02:55 - INFO - 200 - {'Server': 'nginx/1.24.0 (Ubuntu)', 'Date': 'Fri, 01 May 2026 00:55:33 GMT', 'Content-Type': 'application/json', 'Content-Length': '286964', 'Connection': 'keep-alive', 'Access-Control-Allow-Origin': '*, *', 'Access-Control-Allow-Methods': 'GET, POST, OPTIONS', 'Access-Control-Allow-Headers': 'Authorization, Content-Type'}
2026-05-01 02:55 - INFO - 200 - {'Server': 'nginx/1.24.0 (Ubuntu)', 'Date': 'Fri, 01 May 2026 00:55:36 GMT', 'Content-Type': 'application/json', 'Content-Length': '200614', 'Connection': 'keep-alive', 'Access-Control-Allow-Origin': '*, *', 'Access-Control-Allow-Methods': 'GET, POST, OPTIONS', 'Access-Control-Allow-Headers': 'Authorization, Content-Type'}
2026-05-01 02:55 - ERROR - near "incidentId": syntax error
2026-05-01 02:56 - INFO - testing
2026-05-01 02:56 - INFO - Attempting to open local token.
2026-05-01 02:56 - INFO - Token got
2026-05-01 02:56 - INFO - 200 - {'Server': 'nginx/1.24.0 (Ubuntu)', 'Date': 'Fri, 01 May 2026 00:56:05 GMT', 'Content-Type': 'application/json', 'Content-Length': '286964', 'Connection': 'keep-alive', 'Access-Control-Allow-Origin': '*, *', 'Access-Control-Allow-Methods': 'GET, POST, OPTIONS', 'Access-Control-Allow-Headers': 'Authorization, Content-Type'}
2026-05-01 02:56 - INFO - 200 - {'Server': 'nginx/1.24.0 (Ubuntu)', 'Date': 'Fri, 01 May 2026 00:56:07 GMT', 'Content-Type': 'application/json', 'Content-Length': '200614', 'Connection': 'keep-alive', 'Access-Control-Allow-Origin': '*, *', 'Access-Control-Allow-Methods': 'GET, POST, OPTIONS', 'Access-Control-Allow-Headers': 'Authorization, Content-Type'}
2026-05-01 02:56 - ERROR - near ")": syntax error
2026-05-01 02:56 - INFO - testing
2026-05-01 02:56 - INFO - Attempting to open local token.
2026-05-01 02:56 - INFO - Token got
2026-05-01 02:56 - INFO - 200 - {'Server': 'nginx/1.24.0 (Ubuntu)', 'Date': 'Fri, 01 May 2026 00:56:30 GMT', 'Content-Type': 'application/json', 'Content-Length': '286964', 'Connection': 'keep-alive', 'Access-Control-Allow-Origin': '*, *', 'Access-Control-Allow-Methods': 'GET, POST, OPTIONS', 'Access-Control-Allow-Headers': 'Authorization, Content-Type'}
2026-05-01 02:56 - INFO - 200 - {'Server': 'nginx/1.24.0 (Ubuntu)', 'Date': 'Fri, 01 May 2026 00:56:32 GMT', 'Content-Type': 'application/json', 'Content-Length': '200614', 'Connection': 'keep-alive', 'Access-Control-Allow-Origin': '*, *', 'Access-Control-Allow-Methods': 'GET, POST, OPTIONS', 'Access-Control-Allow-Headers': 'Authorization, Content-Type'}
2026-05-01 03:12 - INFO - testing
2026-05-01 03:12 - INFO - Attempting to open local token.
2026-05-01 03:12 - INFO - Token got
2026-05-01 03:12 - INFO - 200 - {'Server': 'nginx/1.24.0 (Ubuntu)', 'Date': 'Fri, 01 May 2026 01:12:06 GMT', 'Content-Type': 'application/json', 'Content-Length': '286964', 'Connection': 'keep-alive', 'Access-Control-Allow-Origin': '*, *', 'Access-Control-Allow-Methods': 'GET, POST, OPTIONS', 'Access-Control-Allow-Headers': 'Authorization, Content-Type'}
2026-05-01 03:12 - INFO - 200 - {'Server': 'nginx/1.24.0 (Ubuntu)', 'Date': 'Fri, 01 May 2026 01:12:08 GMT', 'Content-Type': 'application/json', 'Content-Length': '200614', 'Connection': 'keep-alive', 'Access-Control-Allow-Origin': '*, *', 'Access-Control-Allow-Methods': 'GET, POST, OPTIONS', 'Access-Control-Allow-Headers': 'Authorization, Content-Type'}
2026-05-01 03:14 - INFO - testing
2026-05-01 03:14 - INFO - Attempting to open local token.
2026-05-01 03:14 - INFO - Token got
2026-05-01 03:14 - INFO - 200 - {'Server': 'nginx/1.24.0 (Ubuntu)', 'Date': 'Fri, 01 May 2026 01:14:56 GMT', 'Content-Type': 'application/json', 'Content-Length': '286964', 'Connection': 'keep-alive', 'Access-Control-Allow-Origin': '*, *', 'Access-Control-Allow-Methods': 'GET, POST, OPTIONS', 'Access-Control-Allow-Headers': 'Authorization, Content-Type'}
2026-05-01 03:14 - INFO - 200 - {'Server': 'nginx/1.24.0 (Ubuntu)', 'Date': 'Fri, 01 May 2026 01:14:58 GMT', 'Content-Type': 'application/json', 'Content-Length': '200614', 'Connection': 'keep-alive', 'Access-Control-Allow-Origin': '*, *', 'Access-Control-Allow-Methods': 'GET, POST, OPTIONS', 'Access-Control-Allow-Headers': 'Authorization, Content-Type'}
2026-05-01 03:14 - ERROR - 'urls'
2026-05-01 03:16 - INFO - testing
2026-05-01 03:16 - INFO - Attempting to open local token.
2026-05-01 03:16 - INFO - Token got
2026-05-01 03:16 - INFO - 200 - {'Server': 'nginx/1.24.0 (Ubuntu)', 'Date': 'Fri, 01 May 2026 01:16:36 GMT', 'Content-Type': 'application/json', 'Content-Length': '286964', 'Connection': 'keep-alive', 'Access-Control-Allow-Origin': '*, *', 'Access-Control-Allow-Methods': 'GET, POST, OPTIONS', 'Access-Control-Allow-Headers': 'Authorization, Content-Type'}
2026-05-01 03:16 - INFO - 200 - {'Server': 'nginx/1.24.0 (Ubuntu)', 'Date': 'Fri, 01 May 2026 01:16:38 GMT', 'Content-Type': 'application/json', 'Content-Length': '200614', 'Connection': 'keep-alive', 'Access-Control-Allow-Origin': '*, *', 'Access-Control-Allow-Methods': 'GET, POST, OPTIONS', 'Access-Control-Allow-Headers': 'Authorization, Content-Type'}
2026-05-01 03:16 - ERROR - UNIQUE constraint failed: incidents.incidentID
2026-05-01 03:22 - INFO - testing
2026-05-01 03:22 - INFO - Attempting to open local token.
2026-05-01 03:22 - INFO - Token got
2026-05-01 03:22 - INFO - 200 - {'Server': 'nginx/1.24.0 (Ubuntu)', 'Date': 'Fri, 01 May 2026 01:22:27 GMT', 'Content-Type': 'application/json', 'Content-Length': '286964', 'Connection': 'keep-alive', 'Access-Control-Allow-Origin': '*, *', 'Access-Control-Allow-Methods': 'GET, POST, OPTIONS', 'Access-Control-Allow-Headers': 'Authorization, Content-Type'}
2026-05-01 03:22 - INFO - 200 - {'Server': 'nginx/1.24.0 (Ubuntu)', 'Date': 'Fri, 01 May 2026 01:22:29 GMT', 'Content-Type': 'application/json', 'Content-Length': '200614', 'Connection': 'keep-alive', 'Access-Control-Allow-Origin': '*, *', 'Access-Control-Allow-Methods': 'GET, POST, OPTIONS', 'Access-Control-Allow-Headers': 'Authorization, Content-Type'}
2026-05-01 03:22 - ERROR - 'builtin_function_or_method' object is not subscriptable
2026-05-01 03:23 - INFO - testing
2026-05-01 03:23 - INFO - Attempting to open local token.
2026-05-01 03:23 - INFO - Token got
2026-05-01 03:23 - INFO - 200 - {'Server': 'nginx/1.24.0 (Ubuntu)', 'Date': 'Fri, 01 May 2026 01:23:30 GMT', 'Content-Type': 'application/json', 'Content-Length': '286964', 'Connection': 'keep-alive', 'Access-Control-Allow-Origin': '*, *', 'Access-Control-Allow-Methods': 'GET, POST, OPTIONS', 'Access-Control-Allow-Headers': 'Authorization, Content-Type'}
2026-05-01 03:23 - INFO - 200 - {'Server': 'nginx/1.24.0 (Ubuntu)', 'Date': 'Fri, 01 May 2026 01:23:32 GMT', 'Content-Type': 'application/json', 'Content-Length': '200614', 'Connection': 'keep-alive', 'Access-Control-Allow-Origin': '*, *', 'Access-Control-Allow-Methods': 'GET, POST, OPTIONS', 'Access-Control-Allow-Headers': 'Authorization, Content-Type'}
2026-05-01 03:23 - ERROR - 'builtin_function_or_method' object is not subscriptable
2026-05-01 03:27 - INFO - testing
2026-05-01 03:27 - INFO - Attempting to open local token.
2026-05-01 03:27 - INFO - Token got
2026-05-01 03:27 - INFO - 200 - {'Server': 'nginx/1.24.0 (Ubuntu)', 'Date': 'Fri, 01 May 2026 01:27:56 GMT', 'Content-Type': 'application/json', 'Content-Length': '286964', 'Connection': 'keep-alive', 'Access-Control-Allow-Origin': '*, *', 'Access-Control-Allow-Methods': 'GET, POST, OPTIONS', 'Access-Control-Allow-Headers': 'Authorization, Content-Type'}
2026-05-01 03:27 - INFO - 200 - {'Server': 'nginx/1.24.0 (Ubuntu)', 'Date': 'Fri, 01 May 2026 01:27:58 GMT', 'Content-Type': 'application/json', 'Content-Length': '203698', 'Connection': 'keep-alive', 'Access-Control-Allow-Origin': '*, *', 'Access-Control-Allow-Methods': 'GET, POST, OPTIONS', 'Access-Control-Allow-Headers': 'Authorization, Content-Type'}
2026-05-01 03:41 - INFO - testing
2026-05-01 03:41 - INFO - Attempting to open local token.
2026-05-01 03:41 - INFO - Token got
2026-05-01 03:42 - INFO - testing
2026-05-01 03:42 - INFO - Attempting to open local token.
2026-05-01 03:42 - INFO - Token got
2026-05-01 03:43 - INFO - testing
2026-05-01 03:43 - INFO - Attempting to open local token.
2026-05-01 03:43 - INFO - Token got
2026-05-01 03:44 - INFO - testing
2026-05-01 03:44 - INFO - Attempting to open local token.
2026-05-01 03:44 - INFO - Token got
2026-05-01 03:44 - INFO - testing
2026-05-01 03:44 - INFO - Attempting to open local token.
2026-05-01 03:44 - INFO - Token got
2026-05-01 03:50 - INFO - testing
2026-05-01 03:50 - INFO - Attempting to open local token.
2026-05-01 03:50 - INFO - Token got
2026-05-01 03:50 - INFO - 200 - {'Server': 'nginx/1.24.0 (Ubuntu)', 'Date': 'Fri, 01 May 2026 01:50:13 GMT', 'Content-Type': 'application/json', 'Content-Length': '486', 'Connection': 'keep-alive', 'Access-Control-Allow-Origin': '*, *', 'Access-Control-Allow-Methods': 'GET, POST, OPTIONS', 'Access-Control-Allow-Headers': 'Authorization, Content-Type'}
2026-05-01 03:50 - INFO - testing
2026-05-01 03:50 - INFO - Attempting to open local token.
2026-05-01 03:50 - INFO - Token got
2026-05-01 03:50 - INFO - 200 - {'Server': 'nginx/1.24.0 (Ubuntu)', 'Date': 'Fri, 01 May 2026 01:50:40 GMT', 'Content-Type': 'application/json', 'Content-Length': '486', 'Connection': 'keep-alive', 'Access-Control-Allow-Origin': '*, *', 'Access-Control-Allow-Methods': 'GET, POST, OPTIONS', 'Access-Control-Allow-Headers': 'Authorization, Content-Type'}
2026-05-01 03:52 - INFO - testing
2026-05-01 03:52 - INFO - Attempting to open local token.
2026-05-01 03:52 - INFO - Token got
2026-05-01 03:52 - INFO - 200 - {'Server': 'nginx/1.24.0 (Ubuntu)', 'Date': 'Fri, 01 May 2026 01:52:06 GMT', 'Content-Type': 'application/json', 'Content-Length': '486', 'Connection': 'keep-alive', 'Access-Control-Allow-Origin': '*, *', 'Access-Control-Allow-Methods': 'GET, POST, OPTIONS', 'Access-Control-Allow-Headers': 'Authorization, Content-Type'}
2026-05-01 03:54 - INFO - testing
2026-05-01 03:54 - INFO - Attempting to open local token.
2026-05-01 03:54 - INFO - Token got
2026-05-01 03:54 - INFO - 200 - {'Server': 'nginx/1.24.0 (Ubuntu)', 'Date': 'Fri, 01 May 2026 01:54:21 GMT', 'Content-Type': 'application/json', 'Content-Length': '486', 'Connection': 'keep-alive', 'Access-Control-Allow-Origin': '*, *', 'Access-Control-Allow-Methods': 'GET, POST, OPTIONS', 'Access-Control-Allow-Headers': 'Authorization, Content-Type'}
2026-05-01 03:54 - INFO - 200 - {'Server': 'nginx/1.24.0 (Ubuntu)', 'Date': 'Fri, 01 May 2026 01:54:21 GMT', 'Content-Type': 'application/json', 'Content-Length': '10441', 'Connection': 'keep-alive', 'Access-Control-Allow-Origin': '*, *', 'Access-Control-Allow-Methods': 'GET, POST, OPTIONS', 'Access-Control-Allow-Headers': 'Authorization, Content-Type'}
2026-05-01 03:54 - ERROR - UNIQUE constraint failed: incidents.incidentID
2026-05-01 03:57 - INFO - testing
2026-05-01 03:57 - INFO - Attempting to open local token.
2026-05-01 03:57 - INFO - Token got
2026-05-01 03:57 - INFO - 200 - {'Server': 'nginx/1.24.0 (Ubuntu)', 'Date': 'Fri, 01 May 2026 01:57:53 GMT', 'Content-Type': 'application/json', 'Content-Length': '486', 'Connection': 'keep-alive', 'Access-Control-Allow-Origin': '*, *', 'Access-Control-Allow-Methods': 'GET, POST, OPTIONS', 'Access-Control-Allow-Headers': 'Authorization, Content-Type'}
2026-05-01 03:57 - INFO - 200 - {'Server': 'nginx/1.24.0 (Ubuntu)', 'Date': 'Fri, 01 May 2026 01:57:53 GMT', 'Content-Type': 'application/json', 'Content-Length': '7357', 'Connection': 'keep-alive', 'Access-Control-Allow-Origin': '*, *', 'Access-Control-Allow-Methods': 'GET, POST, OPTIONS', 'Access-Control-Allow-Headers': 'Authorization, Content-Type'}
2026-05-01 03:59 - INFO - testing
2026-05-01 03:59 - INFO - Attempting to open local token.
2026-05-01 03:59 - INFO - Token got
2026-05-01 04:00 - INFO - 200 - {'Server': 'nginx/1.24.0 (Ubuntu)', 'Date': 'Fri, 01 May 2026 02:00:00 GMT', 'Content-Type': 'application/json', 'Content-Length': '486', 'Connection': 'keep-alive', 'Access-Control-Allow-Origin': '*, *', 'Access-Control-Allow-Methods': 'GET, POST, OPTIONS', 'Access-Control-Allow-Headers': 'Authorization, Content-Type'}
2026-05-01 04:00 - INFO - 200 - {'Server': 'nginx/1.24.0 (Ubuntu)', 'Date': 'Fri, 01 May 2026 02:00:00 GMT', 'Content-Type': 'application/json', 'Content-Length': '305', 'Connection': 'keep-alive', 'Access-Control-Allow-Origin': '*, *', 'Access-Control-Allow-Methods': 'GET, POST, OPTIONS', 'Access-Control-Allow-Headers': 'Authorization, Content-Type'}
2026-05-01 04:01 - INFO - testing
2026-05-01 04:01 - INFO - Attempting to open local token.
2026-05-01 04:01 - INFO - Token got
2026-05-01 04:01 - INFO - 200 - {'Server': 'nginx/1.24.0 (Ubuntu)', 'Date': 'Fri, 01 May 2026 02:01:42 GMT', 'Content-Type': 'application/json', 'Content-Length': '486', 'Connection': 'keep-alive', 'Access-Control-Allow-Origin': '*, *', 'Access-Control-Allow-Methods': 'GET, POST, OPTIONS', 'Access-Control-Allow-Headers': 'Authorization, Content-Type'}
2026-05-01 04:01 - INFO - 200 - {'Server': 'nginx/1.24.0 (Ubuntu)', 'Date': 'Fri, 01 May 2026 02:01:42 GMT', 'Content-Type': 'application/json', 'Content-Length': '286964', 'Connection': 'keep-alive', 'Access-Control-Allow-Origin': '*, *', 'Access-Control-Allow-Methods': 'GET, POST, OPTIONS', 'Access-Control-Allow-Headers': 'Authorization, Content-Type'}
2026-05-01 04:01 - INFO - 200 - {'Server': 'nginx/1.24.0 (Ubuntu)', 'Date': 'Fri, 01 May 2026 02:01:44 GMT', 'Content-Type': 'application/json', 'Content-Length': '215008', 'Connection': 'keep-alive', 'Access-Control-Allow-Origin': '*, *', 'Access-Control-Allow-Methods': 'GET, POST, OPTIONS', 'Access-Control-Allow-Headers': 'Authorization, Content-Type'}
2026-05-01 14:59 - INFO - Attempting to open local token.
2026-05-01 14:59 - INFO - Token got
2026-05-01 14:59 - INFO - 200 - {'Server': 'nginx/1.24.0 (Ubuntu)', 'Date': 'Fri, 01 May 2026 12:59:28 GMT', 'Content-Type': 'application/json', 'Content-Length': '486', 'Connection': 'keep-alive', 'Access-Control-Allow-Origin': '*, *', 'Access-Control-Allow-Methods': 'GET, POST, OPTIONS', 'Access-Control-Allow-Headers': 'Authorization, Content-Type'}
2026-05-01 14:59 - INFO - 200 - {'Server': 'nginx/1.24.0 (Ubuntu)', 'Date': 'Fri, 01 May 2026 12:59:28 GMT', 'Content-Type': 'application/json', 'Content-Length': '110068', 'Connection': 'keep-alive', 'Access-Control-Allow-Origin': '*, *', 'Access-Control-Allow-Methods': 'GET, POST, OPTIONS', 'Access-Control-Allow-Headers': 'Authorization, Content-Type'}
2026-05-01 22:59 - INFO - Attempting to open local token.
2026-05-01 22:59 - INFO - Token got
2026-05-01 22:59 - INFO - 200 - {'Server': 'nginx/1.24.0 (Ubuntu)', 'Date': 'Fri, 01 May 2026 20:59:49 GMT', 'Content-Type': 'application/json', 'Content-Length': '486', 'Connection': 'keep-alive', 'Access-Control-Allow-Origin': '*, *', 'Access-Control-Allow-Methods': 'GET, POST, OPTIONS', 'Access-Control-Allow-Headers': 'Authorization, Content-Type'}
2026-05-01 22:59 - INFO - 418 - {'Server': 'nginx/1.24.0 (Ubuntu)', 'Date': 'Fri, 01 May 2026 20:59:49 GMT', 'Content-Type': 'text/plain; charset=utf-8', 'Content-Length': '272', 'Connection': 'keep-alive', 'Access-Control-Allow-Origin': '*'}
2026-05-01 22:59 - INFO - 200 - {'Server': 'nginx/1.24.0 (Ubuntu)', 'Date': 'Fri, 01 May 2026 20:59:54 GMT', 'Content-Type': 'application/json', 'Content-Length': '112069', 'Connection': 'keep-alive', 'Access-Control-Allow-Origin': '*, *', 'Access-Control-Allow-Methods': 'GET, POST, OPTIONS', 'Access-Control-Allow-Headers': 'Authorization, Content-Type'}
2026-05-02 00:34 - INFO - Attempting to open local token.
2026-05-02 00:34 - INFO - Token got
2026-05-02 00:35 - INFO - Attempting to open local token.
2026-05-02 00:35 - INFO - Token got
2026-05-02 00:35 - INFO - 200 - {'Server': 'nginx/1.24.0 (Ubuntu)', 'Date': 'Fri, 01 May 2026 22:35:54 GMT', 'Content-Type': 'application/json', 'Content-Length': '486', 'Connection': 'keep-alive', 'Access-Control-Allow-Origin': '*, *', 'Access-Control-Allow-Methods': 'GET, POST, OPTIONS', 'Access-Control-Allow-Headers': 'Authorization, Content-Type'}
2026-05-02 00:35 - INFO - 200 - {'Server': 'nginx/1.24.0 (Ubuntu)', 'Date': 'Fri, 01 May 2026 22:35:55 GMT', 'Content-Type': 'application/json', 'Content-Length': '19956', 'Connection': 'keep-alive', 'Access-Control-Allow-Origin': '*, *', 'Access-Control-Allow-Methods': 'GET, POST, OPTIONS', 'Access-Control-Allow-Headers': 'Authorization, Content-Type'}
2026-05-02 00:36 - INFO - Attempting to open local token.
2026-05-02 00:36 - INFO - Token got
2026-05-02 00:36 - INFO - 200 - {'Server': 'nginx/1.24.0 (Ubuntu)', 'Date': 'Fri, 01 May 2026 22:36:48 GMT', 'Content-Type': 'application/json', 'Content-Length': '486', 'Connection': 'keep-alive', 'Access-Control-Allow-Origin': '*, *', 'Access-Control-Allow-Methods': 'GET, POST, OPTIONS', 'Access-Control-Allow-Headers': 'Authorization, Content-Type'}
2026-05-02 01:31 - INFO - Attempting to open local token.
2026-05-02 01:31 - INFO - Token got
2026-05-02 01:31 - INFO - 200 - {'Server': 'nginx/1.24.0 (Ubuntu)', 'Date': 'Fri, 01 May 2026 23:31:08 GMT', 'Content-Type': 'application/json', 'Content-Length': '486', 'Connection': 'keep-alive', 'Access-Control-Allow-Origin': '*, *', 'Access-Control-Allow-Methods': 'GET, POST, OPTIONS', 'Access-Control-Allow-Headers': 'Authorization, Content-Type'}
2026-05-02 01:31 - INFO - 200 - {'Server': 'nginx/1.24.0 (Ubuntu)', 'Date': 'Fri, 01 May 2026 23:31:08 GMT', 'Content-Type': 'application/json', 'Content-Length': '25757', 'Connection': 'keep-alive', 'Access-Control-Allow-Origin': '*, *', 'Access-Control-Allow-Methods': 'GET, POST, OPTIONS', 'Access-Control-Allow-Headers': 'Authorization, Content-Type'}
2026-05-02 20:47 - INFO - Attempting to open local token.
2026-05-02 20:47 - INFO - Token got
2026-05-02 20:47 - INFO - 200 - {'Server': 'nginx/1.24.0 (Ubuntu)', 'Date': 'Sat, 02 May 2026 18:47:02 GMT', 'Content-Type': 'application/json', 'Content-Length': '492', 'Connection': 'keep-alive', 'Access-Control-Allow-Origin': '*, *', 'Access-Control-Allow-Methods': 'GET, POST, OPTIONS', 'Access-Control-Allow-Headers': 'Authorization, Content-Type'}
2026-05-02 20:47 - INFO - 200 - {'Server': 'nginx/1.24.0 (Ubuntu)', 'Date': 'Sat, 02 May 2026 18:47:02 GMT', 'Content-Type': 'application/json', 'Content-Length': '242238', 'Connection': 'keep-alive', 'Access-Control-Allow-Origin': '*, *', 'Access-Control-Allow-Methods': 'GET, POST, OPTIONS', 'Access-Control-Allow-Headers': 'Authorization, Content-Type'}
2026-05-02 20:47 - ERROR - UNIQUE constraint failed: incidents.incidentID
2026-05-02 21:08 - INFO - Attempting to open local token.
2026-05-02 21:08 - INFO - Token got
2026-05-02 21:08 - INFO - 200 - {'Server': 'nginx/1.24.0 (Ubuntu)', 'Date': 'Sat, 02 May 2026 19:08:43 GMT', 'Content-Type': 'application/json', 'Content-Length': '492', 'Connection': 'keep-alive', 'Access-Control-Allow-Origin': '*, *', 'Access-Control-Allow-Methods': 'GET, POST, OPTIONS', 'Access-Control-Allow-Headers': 'Authorization, Content-Type'}
2026-05-02 21:08 - INFO - 200 - {'Server': 'nginx/1.24.0 (Ubuntu)', 'Date': 'Sat, 02 May 2026 19:08:43 GMT', 'Content-Type': 'application/json', 'Content-Length': '248935', 'Connection': 'keep-alive', 'Access-Control-Allow-Origin': '*, *', 'Access-Control-Allow-Methods': 'GET, POST, OPTIONS', 'Access-Control-Allow-Headers': 'Authorization, Content-Type'}
2026-05-02 21:26 - INFO - Attempting to open local token.
2026-05-02 21:26 - INFO - Token got
2026-05-02 21:26 - INFO - 200 - {'Server': 'nginx/1.24.0 (Ubuntu)', 'Date': 'Sat, 02 May 2026 19:26:00 GMT', 'Content-Type': 'application/json', 'Content-Length': '286964', 'Connection': 'keep-alive', 'Access-Control-Allow-Origin': '*, *', 'Access-Control-Allow-Methods': 'GET, POST, OPTIONS', 'Access-Control-Allow-Headers': 'Authorization, Content-Type'}
2026-05-02 21:26 - INFO - 200 - {'Server': 'nginx/1.24.0 (Ubuntu)', 'Date': 'Sat, 02 May 2026 19:26:02 GMT', 'Content-Type': 'application/json', 'Content-Length': '291240', 'Connection': 'keep-alive', 'Access-Control-Allow-Origin': '*, *', 'Access-Control-Allow-Methods': 'GET, POST, OPTIONS', 'Access-Control-Allow-Headers': 'Authorization, Content-Type'}
2026-05-02 21:26 - INFO - 200 - {'Server': 'nginx/1.24.0 (Ubuntu)', 'Date': 'Sat, 02 May 2026 19:26:04 GMT', 'Content-Type': 'application/json', 'Content-Length': '293736', 'Connection': 'keep-alive', 'Access-Control-Allow-Origin': '*, *', 'Access-Control-Allow-Methods': 'GET, POST, OPTIONS', 'Access-Control-Allow-Headers': 'Authorization, Content-Type'}
2026-05-02 21:26 - INFO - 200 - {'Server': 'nginx/1.24.0 (Ubuntu)', 'Date': 'Sat, 02 May 2026 19:26:07 GMT', 'Content-Type': 'application/json', 'Content-Length': '146423', 'Connection': 'keep-alive', 'Access-Control-Allow-Origin': '*, *', 'Access-Control-Allow-Methods': 'GET, POST, OPTIONS', 'Access-Control-Allow-Headers': 'Authorization, Content-Type'}
2026-05-02 21:26 - ERROR - near "index": syntax error
2026-05-02 21:29 - INFO - Attempting to open local token.
2026-05-02 21:29 - INFO - Token got
2026-05-02 21:29 - INFO - 200 - {'Server': 'nginx/1.24.0 (Ubuntu)', 'Date': 'Sat, 02 May 2026 19:29:04 GMT', 'Content-Type': 'application/json', 'Content-Length': '286964', 'Connection': 'keep-alive', 'Access-Control-Allow-Origin': '*, *', 'Access-Control-Allow-Methods': 'GET, POST, OPTIONS', 'Access-Control-Allow-Headers': 'Authorization, Content-Type'}
2026-05-02 21:29 - INFO - 200 - {'Server': 'nginx/1.24.0 (Ubuntu)', 'Date': 'Sat, 02 May 2026 19:29:06 GMT', 'Content-Type': 'application/json', 'Content-Length': '291240', 'Connection': 'keep-alive', 'Access-Control-Allow-Origin': '*, *', 'Access-Control-Allow-Methods': 'GET, POST, OPTIONS', 'Access-Control-Allow-Headers': 'Authorization, Content-Type'}
2026-05-02 21:29 - INFO - 200 - {'Server': 'nginx/1.24.0 (Ubuntu)', 'Date': 'Sat, 02 May 2026 19:29:08 GMT', 'Content-Type': 'application/json', 'Content-Length': '293736', 'Connection': 'keep-alive', 'Access-Control-Allow-Origin': '*, *', 'Access-Control-Allow-Methods': 'GET, POST, OPTIONS', 'Access-Control-Allow-Headers': 'Authorization, Content-Type'}
2026-05-02 21:29 - INFO - 200 - {'Server': 'nginx/1.24.0 (Ubuntu)', 'Date': 'Sat, 02 May 2026 19:29:11 GMT', 'Content-Type': 'application/json', 'Content-Length': '146423', 'Connection': 'keep-alive', 'Access-Control-Allow-Origin': '*, *', 'Access-Control-Allow-Methods': 'GET, POST, OPTIONS', 'Access-Control-Allow-Headers': 'Authorization, Content-Type'}
2026-05-02 21:29 - ERROR - near "index": syntax error
2026-05-02 21:30 - INFO - Attempting to open local token.
2026-05-02 21:30 - INFO - Token got
2026-05-02 21:30 - ERROR - near "index": syntax error
2026-05-02 21:32 - INFO - Attempting to open local token.
2026-05-02 21:32 - INFO - Token got
2026-05-02 21:33 - INFO - Attempting to open local token.
2026-05-02 21:33 - INFO - Token got
2026-05-02 21:35 - INFO - Attempting to open local token.
2026-05-02 21:35 - INFO - Token got
2026-05-02 21:35 - INFO - 200 - {'Server': 'nginx/1.24.0 (Ubuntu)', 'Date': 'Sat, 02 May 2026 19:35:15 GMT', 'Content-Type': 'application/json', 'Content-Length': '286964', 'Connection': 'keep-alive', 'Access-Control-Allow-Origin': '*, *', 'Access-Control-Allow-Methods': 'GET, POST, OPTIONS', 'Access-Control-Allow-Headers': 'Authorization, Content-Type'}
2026-05-02 21:35 - INFO - 200 - {'Server': 'nginx/1.24.0 (Ubuntu)', 'Date': 'Sat, 02 May 2026 19:35:17 GMT', 'Content-Type': 'application/json', 'Content-Length': '291240', 'Connection': 'keep-alive', 'Access-Control-Allow-Origin': '*, *', 'Access-Control-Allow-Methods': 'GET, POST, OPTIONS', 'Access-Control-Allow-Headers': 'Authorization, Content-Type'}
2026-05-02 21:35 - INFO - 200 - {'Server': 'nginx/1.24.0 (Ubuntu)', 'Date': 'Sat, 02 May 2026 19:35:20 GMT', 'Content-Type': 'application/json', 'Content-Length': '293736', 'Connection': 'keep-alive', 'Access-Control-Allow-Origin': '*, *', 'Access-Control-Allow-Methods': 'GET, POST, OPTIONS', 'Access-Control-Allow-Headers': 'Authorization, Content-Type'}
2026-05-02 21:35 - INFO - 200 - {'Server': 'nginx/1.24.0 (Ubuntu)', 'Date': 'Sat, 02 May 2026 19:35:22 GMT', 'Content-Type': 'application/json', 'Content-Length': '146423', 'Connection': 'keep-alive', 'Access-Control-Allow-Origin': '*, *', 'Access-Control-Allow-Methods': 'GET, POST, OPTIONS', 'Access-Control-Allow-Headers': 'Authorization, Content-Type'}
2026-05-02 21:36 - INFO - Attempting to open local token.
2026-05-02 21:36 - INFO - Token got
2026-05-02 21:36 - INFO - 200 - {'Server': 'nginx/1.24.0 (Ubuntu)', 'Date': 'Sat, 02 May 2026 19:36:54 GMT', 'Content-Type': 'application/json', 'Content-Length': '286964', 'Connection': 'keep-alive', 'Access-Control-Allow-Origin': '*, *', 'Access-Control-Allow-Methods': 'GET, POST, OPTIONS', 'Access-Control-Allow-Headers': 'Authorization, Content-Type'}
2026-05-02 21:36 - INFO - 200 - {'Server': 'nginx/1.24.0 (Ubuntu)', 'Date': 'Sat, 02 May 2026 19:36:56 GMT', 'Content-Type': 'application/json', 'Content-Length': '291240', 'Connection': 'keep-alive', 'Access-Control-Allow-Origin': '*, *', 'Access-Control-Allow-Methods': 'GET, POST, OPTIONS', 'Access-Control-Allow-Headers': 'Authorization, Content-Type'}
2026-05-02 21:36 - INFO - 200 - {'Server': 'nginx/1.24.0 (Ubuntu)', 'Date': 'Sat, 02 May 2026 19:36:58 GMT', 'Content-Type': 'application/json', 'Content-Length': '293736', 'Connection': 'keep-alive', 'Access-Control-Allow-Origin': '*, *', 'Access-Control-Allow-Methods': 'GET, POST, OPTIONS', 'Access-Control-Allow-Headers': 'Authorization, Content-Type'}
2026-05-02 21:37 - INFO - 200 - {'Server': 'nginx/1.24.0 (Ubuntu)', 'Date': 'Sat, 02 May 2026 19:37:00 GMT', 'Content-Type': 'application/json', 'Content-Length': '146423', 'Connection': 'keep-alive', 'Access-Control-Allow-Origin': '*, *', 'Access-Control-Allow-Methods': 'GET, POST, OPTIONS', 'Access-Control-Allow-Headers': 'Authorization, Content-Type'}
2026-05-05 09:53 - INFO - Attempting to open local token.
2026-05-05 09:53 - INFO - Local token expired.
2026-05-05 09:53 - INFO - Requesting new token.
2026-05-05 09:53 - INFO - Token got
2026-05-05 09:53 - INFO - 418 - {'Server': 'nginx/1.24.0 (Ubuntu)', 'Date': 'Tue, 05 May 2026 07:53:25 GMT', 'Content-Type': 'text/plain; charset=utf-8', 'Content-Length': '320', 'Connection': 'keep-alive', 'Access-Control-Allow-Origin': '*'}
2026-05-05 09:54 - INFO - Attempting to open local token.
2026-05-05 09:54 - INFO - Token got
2026-05-05 09:54 - INFO - 200 - {'Server': 'nginx/1.24.0 (Ubuntu)', 'Date': 'Tue, 05 May 2026 07:54:38 GMT', 'Content-Type': 'application/json', 'Content-Length': '496', 'Connection': 'keep-alive', 'Access-Control-Allow-Origin': '*, *', 'Access-Control-Allow-Methods': 'GET, POST, OPTIONS', 'Access-Control-Allow-Headers': 'Authorization, Content-Type'}
2026-05-05 09:54 - INFO - 200 - {'Server': 'nginx/1.24.0 (Ubuntu)', 'Date': 'Tue, 05 May 2026 07:54:38 GMT', 'Content-Type': 'application/json', 'Content-Length': '286964', 'Connection': 'keep-alive', 'Access-Control-Allow-Origin': '*, *', 'Access-Control-Allow-Methods': 'GET, POST, OPTIONS', 'Access-Control-Allow-Headers': 'Authorization, Content-Type'}
2026-05-05 09:59 - INFO - Attempting to open local token.
2026-05-05 09:59 - INFO - Token got
2026-05-05 09:59 - INFO - 200 - {'Server': 'nginx/1.24.0 (Ubuntu)', 'Date': 'Tue, 05 May 2026 07:59:09 GMT', 'Content-Type': 'application/json', 'Content-Length': '496', 'Connection': 'keep-alive', 'Access-Control-Allow-Origin': '*, *', 'Access-Control-Allow-Methods': 'GET, POST, OPTIONS', 'Access-Control-Allow-Headers': 'Authorization, Content-Type'}
2026-05-05 09:59 - INFO - 200 - {'Server': 'nginx/1.24.0 (Ubuntu)', 'Date': 'Tue, 05 May 2026 07:59:09 GMT', 'Content-Type': 'application/json', 'Content-Length': '286964', 'Connection': 'keep-alive', 'Access-Control-Allow-Origin': '*, *', 'Access-Control-Allow-Methods': 'GET, POST, OPTIONS', 'Access-Control-Allow-Headers': 'Authorization, Content-Type'}
2026-05-05 09:59 - INFO - 200 - {'Server': 'nginx/1.24.0 (Ubuntu)', 'Date': 'Tue, 05 May 2026 07:59:11 GMT', 'Content-Type': 'application/json', 'Content-Length': '291240', 'Connection': 'keep-alive', 'Access-Control-Allow-Origin': '*, *', 'Access-Control-Allow-Methods': 'GET, POST, OPTIONS', 'Access-Control-Allow-Headers': 'Authorization, Content-Type'}
2026-05-05 09:59 - INFO - 200 - {'Server': 'nginx/1.24.0 (Ubuntu)', 'Date': 'Tue, 05 May 2026 07:59:13 GMT', 'Content-Type': 'application/json', 'Content-Length': '293736', 'Connection': 'keep-alive', 'Access-Control-Allow-Origin': '*, *', 'Access-Control-Allow-Methods': 'GET, POST, OPTIONS', 'Access-Control-Allow-Headers': 'Authorization, Content-Type'}
2026-05-05 09:59 - INFO - 200 - {'Server': 'nginx/1.24.0 (Ubuntu)', 'Date': 'Tue, 05 May 2026 07:59:16 GMT', 'Content-Type': 'application/json', 'Content-Length': '284079', 'Connection': 'keep-alive', 'Access-Control-Allow-Origin': '*, *', 'Access-Control-Allow-Methods': 'GET, POST, OPTIONS', 'Access-Control-Allow-Headers': 'Authorization, Content-Type'}
2026-05-05 09:59 - INFO - 200 - {'Server': 'nginx/1.24.0 (Ubuntu)', 'Date': 'Tue, 05 May 2026 07:59:18 GMT', 'Content-Type': 'application/json', 'Content-Length': '287209', 'Connection': 'keep-alive', 'Access-Control-Allow-Origin': '*, *', 'Access-Control-Allow-Methods': 'GET, POST, OPTIONS', 'Access-Control-Allow-Headers': 'Authorization, Content-Type'}
2026-05-05 09:59 - INFO - 200 - {'Server': 'nginx/1.24.0 (Ubuntu)', 'Date': 'Tue, 05 May 2026 07:59:20 GMT', 'Content-Type': 'application/json', 'Content-Length': '268352', 'Connection': 'keep-alive', 'Access-Control-Allow-Origin': '*, *', 'Access-Control-Allow-Methods': 'GET, POST, OPTIONS', 'Access-Control-Allow-Headers': 'Authorization, Content-Type'}
2026-05-05 09:59 - ERROR - 'str' object has no attribute 'items'
2026-05-05 10:10 - INFO - Attempting to open local token.
2026-05-05 10:10 - INFO - Token got
2026-05-05 10:10 - INFO - 200 - {'Server': 'nginx/1.24.0 (Ubuntu)', 'Date': 'Tue, 05 May 2026 08:10:13 GMT', 'Content-Type': 'application/json', 'Content-Length': '5468', 'Connection': 'keep-alive', 'Access-Control-Allow-Origin': '*, *', 'Access-Control-Allow-Methods': 'GET, POST, OPTIONS', 'Access-Control-Allow-Headers': 'Authorization, Content-Type'}
2026-05-05 11:03 - INFO - Attempting to open local token.
2026-05-05 11:03 - INFO - Token got
2026-05-05 11:03 - INFO - 200 - {'Date': 'Tue, 05 May 2026 09:03:30 GMT', 'Content-Type': 'text/html; charset=UTF-8', 'Transfer-Encoding': 'chunked', 'Connection': 'keep-alive', 'X-Frame-Options': 'SAMEORIGIN', 'Content-Security-Policy': "default-src 'self'; script-src 'self'; img-src 'self' data:; style-src 'self' 'unsafe-inline'; font-src 'self' data:; frame-src 'self'; connect-src 'self' https://apis.google.com; object-src 'none' ", 'Content-Encoding': 'gzip'}
2026-05-05 11:04 - INFO - Attempting to open local token.
2026-05-05 11:04 - INFO - Token got
2026-05-05 11:04 - INFO - 200 - {'Server': 'nginx/1.24.0 (Ubuntu)', 'Date': 'Tue, 05 May 2026 09:04:47 GMT', 'Content-Type': 'application/json', 'Content-Length': '9136', 'Connection': 'keep-alive', 'Access-Control-Allow-Origin': '*, *', 'Access-Control-Allow-Methods': 'GET, POST, OPTIONS', 'Access-Control-Allow-Headers': 'Authorization, Content-Type'}
2026-05-05 11:07 - INFO - Attempting to open local token.
2026-05-05 11:07 - INFO - Token got
2026-05-05 11:07 - INFO - 200 - {'Server': 'nginx/1.24.0 (Ubuntu)', 'Date': 'Tue, 05 May 2026 09:07:19 GMT', 'Content-Type': 'application/json', 'Content-Length': '9136', 'Connection': 'keep-alive', 'Access-Control-Allow-Origin': '*, *', 'Access-Control-Allow-Methods': 'GET, POST, OPTIONS', 'Access-Control-Allow-Headers': 'Authorization, Content-Type'}
2026-05-05 11:07 - ERROR - cannot access local variable 'type' where it is not associated with a value
2026-05-05 11:08 - INFO - Attempting to open local token.
2026-05-05 11:08 - INFO - Token got
2026-05-05 11:08 - INFO - 200 - {'Server': 'nginx/1.24.0 (Ubuntu)', 'Date': 'Tue, 05 May 2026 09:08:39 GMT', 'Content-Type': 'application/json', 'Content-Length': '9136', 'Connection': 'keep-alive', 'Access-Control-Allow-Origin': '*, *', 'Access-Control-Allow-Methods': 'GET, POST, OPTIONS', 'Access-Control-Allow-Headers': 'Authorization, Content-Type'}
2026-05-05 11:08 - ERROR - 'dict' object has no attribute 'item'
2026-05-05 11:08 - INFO - Attempting to open local token.
2026-05-05 11:08 - INFO - Token got
2026-05-05 11:08 - INFO - 200 - {'Server': 'nginx/1.24.0 (Ubuntu)', 'Date': 'Tue, 05 May 2026 09:08:58 GMT', 'Content-Type': 'application/json', 'Content-Length': '9136', 'Connection': 'keep-alive', 'Access-Control-Allow-Origin': '*, *', 'Access-Control-Allow-Methods': 'GET, POST, OPTIONS', 'Access-Control-Allow-Headers': 'Authorization, Content-Type'}
2026-05-05 11:09 - INFO - Attempting to open local token.
2026-05-05 11:09 - INFO - Token got
2026-05-05 11:09 - INFO - 200 - {'Server': 'nginx/1.24.0 (Ubuntu)', 'Date': 'Tue, 05 May 2026 09:09:34 GMT', 'Content-Type': 'application/json', 'Content-Length': '9136', 'Connection': 'keep-alive', 'Access-Control-Allow-Origin': '*, *', 'Access-Control-Allow-Methods': 'GET, POST, OPTIONS', 'Access-Control-Allow-Headers': 'Authorization, Content-Type'}
2026-05-05 11:10 - INFO - Attempting to open local token.
2026-05-05 11:10 - INFO - Token got
2026-05-05 11:10 - INFO - 200 - {'Server': 'nginx/1.24.0 (Ubuntu)', 'Date': 'Tue, 05 May 2026 09:10:37 GMT', 'Content-Type': 'application/json', 'Content-Length': '9136', 'Connection': 'keep-alive', 'Access-Control-Allow-Origin': '*, *', 'Access-Control-Allow-Methods': 'GET, POST, OPTIONS', 'Access-Control-Allow-Headers': 'Authorization, Content-Type'}
2026-05-11 16:56 - INFO - Attempting to open local token.
2026-05-11 16:56 - INFO - Failure to find local token. [Errno 2] No such file or directory: 'token'
2026-05-11 16:56 - INFO - Requesting new token.
2026-05-11 16:56 - INFO - Token got
2026-05-11 16:56 - INFO - 200 - {'Server': 'nginx/1.24.0 (Ubuntu)', 'Date': 'Mon, 11 May 2026 14:56:10 GMT', 'Content-Type': 'application/json', 'Content-Length': '290980', 'Connection': 'keep-alive', 'Access-Control-Allow-Origin': '*, *', 'Access-Control-Allow-Methods': 'GET, POST, OPTIONS', 'Access-Control-Allow-Headers': 'Authorization, Content-Type'}
2026-05-11 16:56 - INFO - 200 - {'Server': 'nginx/1.24.0 (Ubuntu)', 'Date': 'Mon, 11 May 2026 14:56:13 GMT', 'Content-Type': 'application/json', 'Content-Length': '287094', 'Connection': 'keep-alive', 'Access-Control-Allow-Origin': '*, *', 'Access-Control-Allow-Methods': 'GET, POST, OPTIONS', 'Access-Control-Allow-Headers': 'Authorization, Content-Type'}
2026-05-11 16:56 - INFO - 200 - {'Server': 'nginx/1.24.0 (Ubuntu)', 'Date': 'Mon, 11 May 2026 14:56:15 GMT', 'Content-Type': 'application/json', 'Content-Length': '306648', 'Connection': 'keep-alive', 'Access-Control-Allow-Origin': '*, *', 'Access-Control-Allow-Methods': 'GET, POST, OPTIONS', 'Access-Control-Allow-Headers': 'Authorization, Content-Type'}
2026-05-11 16:56 - INFO - 200 - {'Server': 'nginx/1.24.0 (Ubuntu)', 'Date': 'Mon, 11 May 2026 14:56:17 GMT', 'Content-Type': 'application/json', 'Content-Length': '286562', 'Connection': 'keep-alive', 'Access-Control-Allow-Origin': '*, *', 'Access-Control-Allow-Methods': 'GET, POST, OPTIONS', 'Access-Control-Allow-Headers': 'Authorization, Content-Type'}
2026-05-11 16:56 - INFO - 200 - {'Server': 'nginx/1.24.0 (Ubuntu)', 'Date': 'Mon, 11 May 2026 14:56:20 GMT', 'Content-Type': 'application/json', 'Content-Length': '298379', 'Connection': 'keep-alive', 'Access-Control-Allow-Origin': '*, *', 'Access-Control-Allow-Methods': 'GET, POST, OPTIONS', 'Access-Control-Allow-Headers': 'Authorization, Content-Type'}
2026-05-11 16:56 - INFO - 200 - {'Server': 'nginx/1.24.0 (Ubuntu)', 'Date': 'Mon, 11 May 2026 14:56:22 GMT', 'Content-Type': 'application/json', 'Content-Length': '289843', 'Connection': 'keep-alive', 'Access-Control-Allow-Origin': '*, *', 'Access-Control-Allow-Methods': 'GET, POST, OPTIONS', 'Access-Control-Allow-Headers': 'Authorization, Content-Type'}
2026-05-11 16:56 - INFO - 200 - {'Server': 'nginx/1.24.0 (Ubuntu)', 'Date': 'Mon, 11 May 2026 14:56:25 GMT', 'Content-Type': 'application/json', 'Content-Length': '4898', 'Connection': 'keep-alive', 'Access-Control-Allow-Origin': '*, *', 'Access-Control-Allow-Methods': 'GET, POST, OPTIONS', 'Access-Control-Allow-Headers': 'Authorization, Content-Type'}
2026-05-11 16:58 - INFO - Attempting to open local token.
2026-05-11 16:58 - INFO - Token got
2026-05-11 16:58 - INFO - 200 - {'Server': 'nginx/1.24.0 (Ubuntu)', 'Date': 'Mon, 11 May 2026 14:58:17 GMT', 'Content-Type': 'application/json', 'Content-Length': '290980', 'Connection': 'keep-alive', 'Access-Control-Allow-Origin': '*, *', 'Access-Control-Allow-Methods': 'GET, POST, OPTIONS', 'Access-Control-Allow-Headers': 'Authorization, Content-Type'}
2026-05-11 16:58 - INFO - 200 - {'Server': 'nginx/1.24.0 (Ubuntu)', 'Date': 'Mon, 11 May 2026 14:58:20 GMT', 'Content-Type': 'application/json', 'Content-Length': '287094', 'Connection': 'keep-alive', 'Access-Control-Allow-Origin': '*, *', 'Access-Control-Allow-Methods': 'GET, POST, OPTIONS', 'Access-Control-Allow-Headers': 'Authorization, Content-Type'}
2026-05-11 16:59 - INFO - Attempting to open local token.
2026-05-11 16:59 - INFO - Token got
2026-05-11 16:59 - INFO - 200 - {'Server': 'nginx/1.24.0 (Ubuntu)', 'Date': 'Mon, 11 May 2026 14:59:58 GMT', 'Content-Type': 'application/json', 'Content-Length': '509', 'Connection': 'keep-alive', 'Access-Control-Allow-Origin': '*, *', 'Access-Control-Allow-Methods': 'GET, POST, OPTIONS', 'Access-Control-Allow-Headers': 'Authorization, Content-Type'}
2026-05-11 16:59 - INFO - 200 - {'Server': 'nginx/1.24.0 (Ubuntu)', 'Date': 'Mon, 11 May 2026 14:59:58 GMT', 'Content-Type': 'application/json', 'Content-Length': '286967', 'Connection': 'keep-alive', 'Access-Control-Allow-Origin': '*, *', 'Access-Control-Allow-Methods': 'GET, POST, OPTIONS', 'Access-Control-Allow-Headers': 'Authorization, Content-Type'}
2026-05-11 17:00 - INFO - 200 - {'Server': 'nginx/1.24.0 (Ubuntu)', 'Date': 'Mon, 11 May 2026 15:00:01 GMT', 'Content-Type': 'application/json', 'Content-Length': '291243', 'Connection': 'keep-alive', 'Access-Control-Allow-Origin': '*, *', 'Access-Control-Allow-Methods': 'GET, POST, OPTIONS', 'Access-Control-Allow-Headers': 'Authorization, Content-Type'}
2026-05-11 17:00 - INFO - 200 - {'Server': 'nginx/1.24.0 (Ubuntu)', 'Date': 'Mon, 11 May 2026 15:00:03 GMT', 'Content-Type': 'application/json', 'Content-Length': '293739', 'Connection': 'keep-alive', 'Access-Control-Allow-Origin': '*, *', 'Access-Control-Allow-Methods': 'GET, POST, OPTIONS', 'Access-Control-Allow-Headers': 'Authorization, Content-Type'}
2026-05-11 17:00 - INFO - 200 - {'Server': 'nginx/1.24.0 (Ubuntu)', 'Date': 'Mon, 11 May 2026 15:00:06 GMT', 'Content-Type': 'application/json', 'Content-Length': '284082', 'Connection': 'keep-alive', 'Access-Control-Allow-Origin': '*, *', 'Access-Control-Allow-Methods': 'GET, POST, OPTIONS', 'Access-Control-Allow-Headers': 'Authorization, Content-Type'}
2026-05-11 17:00 - INFO - 200 - {'Server': 'nginx/1.24.0 (Ubuntu)', 'Date': 'Mon, 11 May 2026 15:00:08 GMT', 'Content-Type': 'application/json', 'Content-Length': '287212', 'Connection': 'keep-alive', 'Access-Control-Allow-Origin': '*, *', 'Access-Control-Allow-Methods': 'GET, POST, OPTIONS', 'Access-Control-Allow-Headers': 'Authorization, Content-Type'}
2026-05-11 17:00 - INFO - 200 - {'Server': 'nginx/1.24.0 (Ubuntu)', 'Date': 'Mon, 11 May 2026 15:00:11 GMT', 'Content-Type': 'application/json', 'Content-Length': '292424', 'Connection': 'keep-alive', 'Access-Control-Allow-Origin': '*, *', 'Access-Control-Allow-Methods': 'GET, POST, OPTIONS', 'Access-Control-Allow-Headers': 'Authorization, Content-Type'}
2026-05-11 17:00 - INFO - 200 - {'Server': 'nginx/1.24.0 (Ubuntu)', 'Date': 'Mon, 11 May 2026 15:00:13 GMT', 'Content-Type': 'application/json', 'Content-Length': '291580', 'Connection': 'keep-alive', 'Access-Control-Allow-Origin': '*, *', 'Access-Control-Allow-Methods': 'GET, POST, OPTIONS', 'Access-Control-Allow-Headers': 'Authorization, Content-Type'}
2026-05-11 17:00 - INFO - 200 - {'Server': 'nginx/1.24.0 (Ubuntu)', 'Date': 'Mon, 11 May 2026 15:00:16 GMT', 'Content-Type': 'application/json', 'Content-Length': '291856', 'Connection': 'keep-alive', 'Access-Control-Allow-Origin': '*, *', 'Access-Control-Allow-Methods': 'GET, POST, OPTIONS', 'Access-Control-Allow-Headers': 'Authorization, Content-Type'}
2026-05-11 17:00 - INFO - 200 - {'Server': 'nginx/1.24.0 (Ubuntu)', 'Date': 'Mon, 11 May 2026 15:00:18 GMT', 'Content-Type': 'application/json', 'Content-Length': '305648', 'Connection': 'keep-alive', 'Access-Control-Allow-Origin': '*, *', 'Access-Control-Allow-Methods': 'GET, POST, OPTIONS', 'Access-Control-Allow-Headers': 'Authorization, Content-Type'}
2026-05-11 17:00 - INFO - 200 - {'Server': 'nginx/1.24.0 (Ubuntu)', 'Date': 'Mon, 11 May 2026 15:00:21 GMT', 'Content-Type': 'application/json', 'Content-Length': '285148', 'Connection': 'keep-alive', 'Access-Control-Allow-Origin': '*, *', 'Access-Control-Allow-Methods': 'GET, POST, OPTIONS', 'Access-Control-Allow-Headers': 'Authorization, Content-Type'}
2026-05-11 17:00 - INFO - 200 - {'Server': 'nginx/1.24.0 (Ubuntu)', 'Date': 'Mon, 11 May 2026 15:00:23 GMT', 'Content-Type': 'application/json', 'Content-Length': '303691', 'Connection': 'keep-alive', 'Access-Control-Allow-Origin': '*, *', 'Access-Control-Allow-Methods': 'GET, POST, OPTIONS', 'Access-Control-Allow-Headers': 'Authorization, Content-Type'}
2026-05-11 17:00 - INFO - 200 - {'Server': 'nginx/1.24.0 (Ubuntu)', 'Date': 'Mon, 11 May 2026 15:00:26 GMT', 'Content-Type': 'application/json', 'Content-Length': '265767', 'Connection': 'keep-alive', 'Access-Control-Allow-Origin': '*, *', 'Access-Control-Allow-Methods': 'GET, POST, OPTIONS', 'Access-Control-Allow-Headers': 'Authorization, Content-Type'}
2026-05-12 22:04 - INFO - Attempting to open local token.
2026-05-12 22:04 - INFO - Local token expired.
2026-05-12 22:04 - INFO - Requesting new token.
2026-05-12 22:04 - INFO - Token got
2026-05-12 22:04 - INFO - 200 - {'Server': 'nginx/1.24.0 (Ubuntu)', 'Date': 'Tue, 12 May 2026 20:04:13 GMT', 'Content-Type': 'application/json', 'Content-Length': '509', 'Connection': 'keep-alive', 'Access-Control-Allow-Origin': '*, *', 'Access-Control-Allow-Methods': 'GET, POST, OPTIONS', 'Access-Control-Allow-Headers': 'Authorization, Content-Type'}
2026-05-12 22:04 - INFO - 200 - {'Server': 'nginx/1.24.0 (Ubuntu)', 'Date': 'Tue, 12 May 2026 20:04:13 GMT', 'Content-Type': 'application/json', 'Content-Length': '292613', 'Connection': 'keep-alive', 'Access-Control-Allow-Origin': '*, *', 'Access-Control-Allow-Methods': 'GET, POST, OPTIONS', 'Access-Control-Allow-Headers': 'Authorization, Content-Type'}
2026-05-12 22:04 - INFO - 200 - {'Server': 'nginx/1.24.0 (Ubuntu)', 'Date': 'Tue, 12 May 2026 20:04:15 GMT', 'Content-Type': 'application/json', 'Content-Length': '72760', 'Connection': 'keep-alive', 'Access-Control-Allow-Origin': '*, *', 'Access-Control-Allow-Methods': 'GET, POST, OPTIONS', 'Access-Control-Allow-Headers': 'Authorization, Content-Type'}
2026-05-13 09:23 - INFO - Attempting to open local token.
2026-05-13 09:23 - INFO - Token got
2026-05-13 09:23 - INFO - 200 - {'Server': 'nginx/1.24.0 (Ubuntu)', 'Date': 'Wed, 13 May 2026 07:23:25 GMT', 'Content-Type': 'application/json', 'Content-Length': '509', 'Connection': 'keep-alive', 'Access-Control-Allow-Origin': '*, *', 'Access-Control-Allow-Methods': 'GET, POST, OPTIONS', 'Access-Control-Allow-Headers': 'Authorization, Content-Type'}
2026-05-13 09:23 - INFO - Requesting 100 incidents, skip = 1319
2026-05-13 09:23 - INFO - 200 - {'Server': 'nginx/1.24.0 (Ubuntu)', 'Date': 'Wed, 13 May 2026 07:23:25 GMT', 'Content-Type': 'application/json', 'Content-Length': '147163', 'Connection': 'keep-alive', 'Access-Control-Allow-Origin': '*, *', 'Access-Control-Allow-Methods': 'GET, POST, OPTIONS', 'Access-Control-Allow-Headers': 'Authorization, Content-Type'}
2026-05-13 13:53 - INFO - Attempting to open local token.
2026-05-13 13:53 - INFO - Token got
2026-05-13 13:53 - INFO - 200 - {'Server': 'nginx/1.24.0 (Ubuntu)', 'Date': 'Wed, 13 May 2026 11:53:39 GMT', 'Content-Type': 'application/json', 'Content-Length': '509', 'Connection': 'keep-alive', 'Access-Control-Allow-Origin': '*, *', 'Access-Control-Allow-Methods': 'GET, POST, OPTIONS', 'Access-Control-Allow-Headers': 'Authorization, Content-Type'}
2026-05-13 13:53 - INFO - Requesting 100 incidents, skip = 1371
2026-05-13 13:53 - INFO - 200 - {'Server': 'nginx/1.24.0 (Ubuntu)', 'Date': 'Wed, 13 May 2026 11:53:39 GMT', 'Content-Type': 'application/json', 'Content-Length': '51712', 'Connection': 'keep-alive', 'Access-Control-Allow-Origin': '*, *', 'Access-Control-Allow-Methods': 'GET, POST, OPTIONS', 'Access-Control-Allow-Headers': 'Authorization, Content-Type'}
2026-05-14 14:54 - INFO - Attempting to open local token.
2026-05-14 14:54 - INFO - Local token expired.
2026-05-14 14:54 - INFO - Requesting new token.
2026-05-14 14:54 - INFO - 200 - {'Server': 'nginx/1.24.0 (Ubuntu)', 'Date': 'Thu, 14 May 2026 12:54:56 GMT', 'Content-Type': 'application/json', 'Content-Length': '335', 'Connection': 'keep-alive', 'Access-Control-Allow-Origin': '*, *', 'Access-Control-Allow-Methods': 'GET, POST, OPTIONS', 'Access-Control-Allow-Headers': 'Authorization, Content-Type'}
2026-05-14 14:54 - INFO - Token got
2026-05-14 14:54 - INFO - 200 - {'Server': 'nginx/1.24.0 (Ubuntu)', 'Date': 'Thu, 14 May 2026 12:54:56 GMT', 'Content-Type': 'application/json', 'Content-Length': '509', 'Connection': 'keep-alive', 'Access-Control-Allow-Origin': '*, *', 'Access-Control-Allow-Methods': 'GET, POST, OPTIONS', 'Access-Control-Allow-Headers': 'Authorization, Content-Type'}
2026-05-14 14:54 - INFO - Requesting 100 incidents, skip = 1389
2026-05-14 14:54 - INFO - 200 - {'Server': 'nginx/1.24.0 (Ubuntu)', 'Date': 'Thu, 14 May 2026 12:54:56 GMT', 'Content-Type': 'application/json', 'Content-Length': '272024', 'Connection': 'keep-alive', 'Access-Control-Allow-Origin': '*, *', 'Access-Control-Allow-Methods': 'GET, POST, OPTIONS', 'Access-Control-Allow-Headers': 'Authorization, Content-Type'}
2026-05-14 14:54 - INFO - Requesting 100 incidents, skip = 1489
2026-05-14 14:54 - INFO - 200 - {'Server': 'nginx/1.24.0 (Ubuntu)', 'Date': 'Thu, 14 May 2026 12:54:58 GMT', 'Content-Type': 'application/json', 'Content-Length': '47004', 'Connection': 'keep-alive', 'Access-Control-Allow-Origin': '*, *', 'Access-Control-Allow-Methods': 'GET, POST, OPTIONS', 'Access-Control-Allow-Headers': 'Authorization, Content-Type'}
2026-05-14 20:56 - INFO - Attempting to open local token.
2026-05-14 20:56 - INFO - Token got
2026-05-14 20:56 - INFO - 200 - {'Server': 'nginx/1.24.0 (Ubuntu)', 'Date': 'Thu, 14 May 2026 18:56:37 GMT', 'Content-Type': 'application/json', 'Content-Length': '509', 'Connection': 'keep-alive', 'Access-Control-Allow-Origin': '*, *', 'Access-Control-Allow-Methods': 'GET, POST, OPTIONS', 'Access-Control-Allow-Headers': 'Authorization, Content-Type'}
2026-05-14 20:56 - INFO - Requesting 100 incidents, skip = 1505
2026-05-14 20:56 - INFO - 200 - {'Server': 'nginx/1.24.0 (Ubuntu)', 'Date': 'Thu, 14 May 2026 18:56:37 GMT', 'Content-Type': 'application/json', 'Content-Length': '84374', 'Connection': 'keep-alive', 'Access-Control-Allow-Origin': '*, *', 'Access-Control-Allow-Methods': 'GET, POST, OPTIONS', 'Access-Control-Allow-Headers': 'Authorization, Content-Type'}
2026-05-15 08:11 - INFO - Attempting to open local token.
2026-05-15 08:11 - INFO - Token got
2026-05-15 08:11 - INFO - 200 - {'Server': 'nginx/1.24.0 (Ubuntu)', 'Date': 'Fri, 15 May 2026 06:11:46 GMT', 'Content-Type': 'application/json', 'Content-Length': '509', 'Connection': 'keep-alive', 'Access-Control-Allow-Origin': '*, *', 'Access-Control-Allow-Methods': 'GET, POST, OPTIONS', 'Access-Control-Allow-Headers': 'Authorization, Content-Type'}
2026-05-15 08:11 - INFO - Requesting 100 incidents, skip = 1530
2026-05-15 08:11 - INFO - 200 - {'Server': 'nginx/1.24.0 (Ubuntu)', 'Date': 'Fri, 15 May 2026 06:11:46 GMT', 'Content-Type': 'application/json', 'Content-Length': '177670', 'Connection': 'keep-alive', 'Access-Control-Allow-Origin': '*, *', 'Access-Control-Allow-Methods': 'GET, POST, OPTIONS', 'Access-Control-Allow-Headers': 'Authorization, Content-Type'}
2026-05-15 08:35 - INFO - Attempting to open local token.
2026-05-15 08:35 - INFO - Token got
2026-05-15 08:35 - INFO - 200 - {'Server': 'nginx/1.24.0 (Ubuntu)', 'Date': 'Fri, 15 May 2026 06:35:53 GMT', 'Content-Type': 'application/json', 'Content-Length': '509', 'Connection': 'keep-alive', 'Access-Control-Allow-Origin': '*, *', 'Access-Control-Allow-Methods': 'GET, POST, OPTIONS', 'Access-Control-Allow-Headers': 'Authorization, Content-Type'}
2026-05-15 08:35 - INFO - Requesting 100 incidents, skip = 1588
2026-05-15 08:35 - INFO - 200 - {'Server': 'nginx/1.24.0 (Ubuntu)', 'Date': 'Fri, 15 May 2026 06:35:53 GMT', 'Content-Type': 'application/json', 'Content-Length': '3803', 'Connection': 'keep-alive', 'Access-Control-Allow-Origin': '*, *', 'Access-Control-Allow-Methods': 'GET, POST, OPTIONS', 'Access-Control-Allow-Headers': 'Authorization, Content-Type'}
2026-05-15 11:04 - INFO - Attempting to open local token.
2026-05-15 11:04 - INFO - Token got
2026-05-15 11:04 - INFO - 200 - {'Server': 'nginx/1.24.0 (Ubuntu)', 'Date': 'Fri, 15 May 2026 09:04:07 GMT', 'Content-Type': 'application/json', 'Content-Length': '509', 'Connection': 'keep-alive', 'Access-Control-Allow-Origin': '*, *', 'Access-Control-Allow-Methods': 'GET, POST, OPTIONS', 'Access-Control-Allow-Headers': 'Authorization, Content-Type'}
2026-05-15 11:04 - INFO - Requesting 100 incidents, skip = 1588
2026-05-15 11:04 - INFO - 200 - {'Server': 'nginx/1.24.0 (Ubuntu)', 'Date': 'Fri, 15 May 2026 09:04:07 GMT', 'Content-Type': 'application/json', 'Content-Length': '31091', 'Connection': 'keep-alive', 'Access-Control-Allow-Origin': '*, *', 'Access-Control-Allow-Methods': 'GET, POST, OPTIONS', 'Access-Control-Allow-Headers': 'Authorization, Content-Type'}
2026-05-15 11:04 - INFO - Attempting to open local token.
2026-05-15 11:04 - INFO - Token got
2026-05-15 11:04 - INFO - 200 - {'Server': 'nginx/1.24.0 (Ubuntu)', 'Date': 'Fri, 15 May 2026 09:04:20 GMT', 'Content-Type': 'application/json', 'Content-Length': '509', 'Connection': 'keep-alive', 'Access-Control-Allow-Origin': '*, *', 'Access-Control-Allow-Methods': 'GET, POST, OPTIONS', 'Access-Control-Allow-Headers': 'Authorization, Content-Type'}
2026-05-15 11:04 - INFO - Requesting 100 incidents, skip = 1597
2026-05-15 11:04 - INFO - 200 - {'Server': 'nginx/1.24.0 (Ubuntu)', 'Date': 'Fri, 15 May 2026 09:04:21 GMT', 'Content-Type': 'application/json', 'Content-Length': '4363', 'Connection': 'keep-alive', 'Access-Control-Allow-Origin': '*, *', 'Access-Control-Allow-Methods': 'GET, POST, OPTIONS', 'Access-Control-Allow-Headers': 'Authorization, Content-Type'}
2026-05-15 11:10 - INFO - Attempting to open local token.
2026-05-15 11:10 - INFO - Token got
2026-05-15 11:10 - INFO - 200 - {'Server': 'nginx/1.24.0 (Ubuntu)', 'Date': 'Fri, 15 May 2026 09:10:30 GMT', 'Content-Type': 'application/json', 'Content-Length': '509', 'Connection': 'keep-alive', 'Access-Control-Allow-Origin': '*, *', 'Access-Control-Allow-Methods': 'GET, POST, OPTIONS', 'Access-Control-Allow-Headers': 'Authorization, Content-Type'}
2026-05-15 11:10 - INFO - Requesting 100 incidents, skip = 1597
2026-05-15 11:10 - INFO - 200 - {'Server': 'nginx/1.24.0 (Ubuntu)', 'Date': 'Fri, 15 May 2026 09:10:30 GMT', 'Content-Type': 'application/json', 'Content-Length': '4363', 'Connection': 'keep-alive', 'Access-Control-Allow-Origin': '*, *', 'Access-Control-Allow-Methods': 'GET, POST, OPTIONS', 'Access-Control-Allow-Headers': 'Authorization, Content-Type'}
2026-05-15 15:25 - INFO - Attempting to open local token.
2026-05-15 15:25 - INFO - Token got
2026-05-15 15:25 - INFO - 200 - {'Server': 'nginx/1.24.0 (Ubuntu)', 'Date': 'Fri, 15 May 2026 13:25:21 GMT', 'Content-Type': 'application/json', 'Content-Length': '509', 'Connection': 'keep-alive', 'Access-Control-Allow-Origin': '*, *', 'Access-Control-Allow-Methods': 'GET, POST, OPTIONS', 'Access-Control-Allow-Headers': 'Authorization, Content-Type'}
2026-05-15 15:25 - INFO - Requesting 100 incidents, skip = 1597
2026-05-15 15:25 - INFO - 200 - {'Server': 'nginx/1.24.0 (Ubuntu)', 'Date': 'Fri, 15 May 2026 13:25:21 GMT', 'Content-Type': 'application/json', 'Content-Length': '61397', 'Connection': 'keep-alive', 'Access-Control-Allow-Origin': '*, *', 'Access-Control-Allow-Methods': 'GET, POST, OPTIONS', 'Access-Control-Allow-Headers': 'Authorization, Content-Type'}
2026-05-15 15:25 - INFO - Attempting to open local token.
2026-05-15 15:25 - INFO - Token got
2026-05-15 15:25 - INFO - 200 - {'Server': 'nginx/1.24.0 (Ubuntu)', 'Date': 'Fri, 15 May 2026 13:25:33 GMT', 'Content-Type': 'application/json', 'Content-Length': '509', 'Connection': 'keep-alive', 'Access-Control-Allow-Origin': '*, *', 'Access-Control-Allow-Methods': 'GET, POST, OPTIONS', 'Access-Control-Allow-Headers': 'Authorization, Content-Type'}
2026-05-15 15:25 - INFO - Requesting 100 incidents, skip = 1617
2026-05-15 15:25 - INFO - 200 - {'Server': 'nginx/1.24.0 (Ubuntu)', 'Date': 'Fri, 15 May 2026 13:25:33 GMT', 'Content-Type': 'application/json', 'Content-Length': '3894', 'Connection': 'keep-alive', 'Access-Control-Allow-Origin': '*, *', 'Access-Control-Allow-Methods': 'GET, POST, OPTIONS', 'Access-Control-Allow-Headers': 'Authorization, Content-Type'}
2026-05-18 00:10 - INFO - Attempting to open local token.
2026-05-18 00:10 - INFO - Local token expired.
2026-05-18 00:10 - INFO - Requesting new token.
2026-05-18 00:10 - INFO - 200 - {'Server': 'nginx/1.24.0 (Ubuntu)', 'Date': 'Sun, 17 May 2026 22:10:41 GMT', 'Content-Type': 'application/json', 'Content-Length': '335', 'Connection': 'keep-alive', 'Access-Control-Allow-Origin': '*, *', 'Access-Control-Allow-Methods': 'GET, POST, OPTIONS', 'Access-Control-Allow-Headers': 'Authorization, Content-Type'}
2026-05-18 00:10 - INFO - Token got
2026-05-18 00:10 - INFO - 200 - {'Server': 'nginx/1.24.0 (Ubuntu)', 'Date': 'Sun, 17 May 2026 22:10:41 GMT', 'Content-Type': 'application/json', 'Content-Length': '509', 'Connection': 'keep-alive', 'Access-Control-Allow-Origin': '*, *', 'Access-Control-Allow-Methods': 'GET, POST, OPTIONS', 'Access-Control-Allow-Headers': 'Authorization, Content-Type'}
2026-05-18 00:10 - INFO - Requesting 100 incidents, skip = 1617
2026-05-18 00:10 - INFO - 200 - {'Server': 'nginx/1.24.0 (Ubuntu)', 'Date': 'Sun, 17 May 2026 22:10:41 GMT', 'Content-Type': 'application/json', 'Content-Length': '269906', 'Connection': 'keep-alive', 'Access-Control-Allow-Origin': '*, *', 'Access-Control-Allow-Methods': 'GET, POST, OPTIONS', 'Access-Control-Allow-Headers': 'Authorization, Content-Type'}
2026-05-18 00:10 - INFO - Requesting 100 incidents, skip = 1717
2026-05-18 00:10 - INFO - 200 - {'Server': 'nginx/1.24.0 (Ubuntu)', 'Date': 'Sun, 17 May 2026 22:10:44 GMT', 'Content-Type': 'application/json', 'Content-Length': '303299', 'Connection': 'keep-alive', 'Access-Control-Allow-Origin': '*, *', 'Access-Control-Allow-Methods': 'GET, POST, OPTIONS', 'Access-Control-Allow-Headers': 'Authorization, Content-Type'}
2026-05-18 00:10 - INFO - Requesting 100 incidents, skip = 1817
2026-05-18 00:10 - INFO - 200 - {'Server': 'nginx/1.24.0 (Ubuntu)', 'Date': 'Sun, 17 May 2026 22:10:46 GMT', 'Content-Type': 'application/json', 'Content-Length': '70392', 'Connection': 'keep-alive', 'Access-Control-Allow-Origin': '*, *', 'Access-Control-Allow-Methods': 'GET, POST, OPTIONS', 'Access-Control-Allow-Headers': 'Authorization, Content-Type'}
2026-05-18 00:33 - INFO - Attempting to open local token.
2026-05-18 00:33 - INFO - Token got
2026-05-18 00:33 - INFO - 200 - {'Server': 'nginx/1.24.0 (Ubuntu)', 'Date': 'Sun, 17 May 2026 22:33:56 GMT', 'Content-Type': 'application/json', 'Content-Length': '509', 'Connection': 'keep-alive', 'Access-Control-Allow-Origin': '*, *', 'Access-Control-Allow-Methods': 'GET, POST, OPTIONS', 'Access-Control-Allow-Headers': 'Authorization, Content-Type'}
2026-05-18 00:33 - INFO - Requesting 100 incidents, skip = 1842
2026-05-18 00:33 - INFO - 200 - {'Server': 'nginx/1.24.0 (Ubuntu)', 'Date': 'Sun, 17 May 2026 22:33:56 GMT', 'Content-Type': 'application/json', 'Content-Length': '14575', 'Connection': 'keep-alive', 'Access-Control-Allow-Origin': '*, *', 'Access-Control-Allow-Methods': 'GET, POST, OPTIONS', 'Access-Control-Allow-Headers': 'Authorization, Content-Type'}
2026-05-18 00:34 - INFO - Attempting to open local token.
2026-05-18 00:34 - INFO - Token got
2026-05-18 00:34 - INFO - 200 - {'Server': 'nginx/1.24.0 (Ubuntu)', 'Date': 'Sun, 17 May 2026 22:34:01 GMT', 'Content-Type': 'application/json', 'Content-Length': '509', 'Connection': 'keep-alive', 'Access-Control-Allow-Origin': '*, *', 'Access-Control-Allow-Methods': 'GET, POST, OPTIONS', 'Access-Control-Allow-Headers': 'Authorization, Content-Type'}
2026-05-18 00:34 - INFO - Requesting 100 incidents, skip = 1845
2026-05-18 00:34 - INFO - 200 - {'Server': 'nginx/1.24.0 (Ubuntu)', 'Date': 'Sun, 17 May 2026 22:34:01 GMT', 'Content-Type': 'application/json', 'Content-Length': '3272', 'Connection': 'keep-alive', 'Access-Control-Allow-Origin': '*, *', 'Access-Control-Allow-Methods': 'GET, POST, OPTIONS', 'Access-Control-Allow-Headers': 'Authorization, Content-Type'}
2026-05-18 11:55 - INFO - Attempting to open local token.
2026-05-18 11:55 - INFO - Token got
2026-05-18 11:55 - INFO - 200 - {'Server': 'nginx/1.24.0 (Ubuntu)', 'Date': 'Mon, 18 May 2026 09:55:36 GMT', 'Content-Type': 'application/json', 'Content-Length': '509', 'Connection': 'keep-alive', 'Access-Control-Allow-Origin': '*, *', 'Access-Control-Allow-Methods': 'GET, POST, OPTIONS', 'Access-Control-Allow-Headers': 'Authorization, Content-Type'}
2026-05-18 11:55 - INFO - Requesting 100 incidents, skip = 1845
2026-05-18 11:55 - INFO - 200 - {'Server': 'nginx/1.24.0 (Ubuntu)', 'Date': 'Mon, 18 May 2026 09:55:36 GMT', 'Content-Type': 'application/json', 'Content-Length': '145932', 'Connection': 'keep-alive', 'Access-Control-Allow-Origin': '*, *', 'Access-Control-Allow-Methods': 'GET, POST, OPTIONS', 'Access-Control-Allow-Headers': 'Authorization, Content-Type'}
2026-05-18 12:18 - INFO - Attempting to open local token.
2026-05-18 12:18 - INFO - Token got
2026-05-18 12:18 - INFO - 200 - {'Server': 'nginx/1.24.0 (Ubuntu)', 'Date': 'Mon, 18 May 2026 10:18:11 GMT', 'Content-Type': 'application/json', 'Content-Length': '509', 'Connection': 'keep-alive', 'Access-Control-Allow-Origin': '*, *', 'Access-Control-Allow-Methods': 'GET, POST, OPTIONS', 'Access-Control-Allow-Headers': 'Authorization, Content-Type'}
2026-05-18 12:18 - INFO - Requesting 100 incidents, skip = 1894
2026-05-18 12:18 - INFO - 200 - {'Server': 'nginx/1.24.0 (Ubuntu)', 'Date': 'Mon, 18 May 2026 10:18:11 GMT', 'Content-Type': 'application/json', 'Content-Length': '2522', 'Connection': 'keep-alive', 'Access-Control-Allow-Origin': '*, *', 'Access-Control-Allow-Methods': 'GET, POST, OPTIONS', 'Access-Control-Allow-Headers': 'Authorization, Content-Type'}
2026-05-18 13:55 - INFO - Attempting to open local token.
2026-05-18 13:55 - INFO - Token got
2026-05-18 13:55 - INFO - 200 - {'Server': 'nginx/1.24.0 (Ubuntu)', 'Date': 'Mon, 18 May 2026 11:55:21 GMT', 'Content-Type': 'application/json', 'Content-Length': '509', 'Connection': 'keep-alive', 'Access-Control-Allow-Origin': '*, *', 'Access-Control-Allow-Methods': 'GET, POST, OPTIONS', 'Access-Control-Allow-Headers': 'Authorization, Content-Type'}
2026-05-18 13:55 - INFO - Requesting 100 incidents, skip = 1894
2026-05-18 13:55 - INFO - 200 - {'Server': 'nginx/1.24.0 (Ubuntu)', 'Date': 'Mon, 18 May 2026 11:55:22 GMT', 'Content-Type': 'application/json', 'Content-Length': '37661', 'Connection': 'keep-alive', 'Access-Control-Allow-Origin': '*, *', 'Access-Control-Allow-Methods': 'GET, POST, OPTIONS', 'Access-Control-Allow-Headers': 'Authorization, Content-Type'}
2026-05-19 00:05 - INFO - Attempting to open local token.
2026-05-19 00:05 - INFO - Token got
2026-05-19 00:05 - INFO - 200 - {'Server': 'nginx/1.24.0 (Ubuntu)', 'Date': 'Mon, 18 May 2026 22:05:38 GMT', 'Content-Type': 'application/json', 'Content-Length': '509', 'Connection': 'keep-alive', 'Access-Control-Allow-Origin': '*, *', 'Access-Control-Allow-Methods': 'GET, POST, OPTIONS', 'Access-Control-Allow-Headers': 'Authorization, Content-Type'}
2026-05-19 00:05 - INFO - Requesting 100 incidents, skip = 1906
2026-05-19 00:05 - INFO - 200 - {'Server': 'nginx/1.24.0 (Ubuntu)', 'Date': 'Mon, 18 May 2026 22:05:38 GMT', 'Content-Type': 'application/json', 'Content-Length': '124591', 'Connection': 'keep-alive', 'Access-Control-Allow-Origin': '*, *', 'Access-Control-Allow-Methods': 'GET, POST, OPTIONS', 'Access-Control-Allow-Headers': 'Authorization, Content-Type'}
2026-05-19 00:06 - INFO - Attempting to open local token.
2026-05-19 00:06 - INFO - Token got
2026-05-19 00:06 - INFO - 200 - {'Server': 'nginx/1.24.0 (Ubuntu)', 'Date': 'Mon, 18 May 2026 22:06:09 GMT', 'Content-Type': 'application/json', 'Content-Length': '509', 'Connection': 'keep-alive', 'Access-Control-Allow-Origin': '*, *', 'Access-Control-Allow-Methods': 'GET, POST, OPTIONS', 'Access-Control-Allow-Headers': 'Authorization, Content-Type'}
2026-05-19 00:06 - INFO - Requesting 100 incidents, skip = 1947
2026-05-19 00:06 - INFO - 200 - {'Server': 'nginx/1.24.0 (Ubuntu)', 'Date': 'Mon, 18 May 2026 22:06:09 GMT', 'Content-Type': 'application/json', 'Content-Length': '3755', 'Connection': 'keep-alive', 'Access-Control-Allow-Origin': '*, *', 'Access-Control-Allow-Methods': 'GET, POST, OPTIONS', 'Access-Control-Allow-Headers': 'Authorization, Content-Type'}
